<?xml version="1.0" encoding="UTF-8" ?>
<testsuite failures="0" time="138.595" errors="4" skipped="0" tests="7" name="WCG.ResourceDirectory.Test_SRD_WCG_TX_US3">
  <properties>
[...]
</properties>
  <testcase time="68.247" classname="WCG.ResourceDirectory.Test_SRD_WCG_TX_US3" name="TC_SRD_US3_1_1[0]">
    <error message="Error communicating with the remote browser. It may have died.
Build info: version: &apos;2.37.0&apos;, revision: &apos;a7c61cbd68657e133ae96672cf995890bad2ee42&apos;, time: &apos;2013-10-18 09:51:02&apos;
System info: host: &apos;AbhishekK&apos;, ip: &apos;192.168.1.200&apos;, os.name: &apos;Windows 7&apos;, os.arch: &apos;x86&apos;, os.version: &apos;6.1&apos;, java.version: &apos;1.7.0_05&apos;
Driver info: driver.version: RemoteWebDriver" type="org.openqa.selenium.remote.UnreachableBrowserException">org.openqa.selenium.remote.UnreachableBrowserException: Error communicating with the remote browser. It may have died.
Build info: version: &apos;2.37.0&apos;, revision: &apos;a7c61cbd68657e133ae96672cf995890bad2ee42&apos;, time: &apos;2013-10-18 09:51:02&apos;
System info: host: &apos;AbhishekK&apos;, ip: &apos;192.168.1.200&apos;, os.name: &apos;Windows 7&apos;, os.arch: &apos;x86&apos;, os.version: &apos;6.1&apos;, java.version: &apos;1.7.0_05&apos;
Driver info: driver.version: RemoteWebDriver
	at org.openqa.selenium.remote.RemoteWebDriver.execute(RemoteWebDriver.java:548)
	at org.openqa.selenium.remote.RemoteExecuteMethod.execute(RemoteExecuteMethod.java:34)
	at org.openqa.selenium.remote.RemoteKeyboard.sendKeys(RemoteKeyboard.java:35)
	at org.openqa.selenium.interactions.SendKeysAction.perform(SendKeysAction.java:42)
	at org.openqa.selenium.interactions.CompositeAction.perform(CompositeAction.java:31)
	at org.openqa.selenium.interactions.Actions.perform(Actions.java:364)
	at WCG.launchcomponent.Home.wcg_login(Home.java:51)
	at WCG.ResourceDirectory.Test_SRD_WCG_TX_US3.TC_SRD_US3_1_1(Test_SRD_WCG_TX_US3.java:302)
	at sun.reflect.NativeMethodAccessorImpl.invoke0(Native Method)
	at sun.reflect.NativeMethodAccessorImpl.invoke(NativeMethodAccessorImpl.java:57)
	at sun.reflect.DelegatingMethodAccessorImpl.invoke(DelegatingMethodAccessorImpl.java:43)
	at java.lang.reflect.Method.invoke(Method.java:601)
	at org.junit.runners.model.FrameworkMethod$1.runReflectiveCall(FrameworkMethod.java:47)
	at org.junit.internal.runners.model.ReflectiveCallable.run(ReflectiveCallable.java:12)
	at org.junit.runners.model.FrameworkMethod.invokeExplosively(FrameworkMethod.java:44)
	at org.junit.internal.runners.statements.InvokeMethod.evaluate(InvokeMethod.java:17)
	at org.junit.internal.runners.statements.RunBefores.evaluate(RunBefores.java:26)
	at org.junit.internal.runners.statements.RunAfters.evaluate(RunAfters.java:27)
	at org.junit.runners.ParentRunner.runLeaf(ParentRunner.java:271)
	at org.junit.runners.BlockJUnit4ClassRunner.runChild(BlockJUnit4ClassRunner.java:70)
	at org.junit.runners.BlockJUnit4ClassRunner.runChild(BlockJUnit4ClassRunner.java:50)
	at org.junit.runners.ParentRunner$3.run(ParentRunner.java:238)
	at org.junit.runners.ParentRunner$1.schedule(ParentRunner.java:63)
	at org.junit.runners.ParentRunner.runChildren(ParentRunner.java:236)
	at org.junit.runners.ParentRunner.access$000(ParentRunner.java:53)
	at org.junit.runners.ParentRunner$2.evaluate(ParentRunner.java:229)
	at org.junit.runners.ParentRunner.run(ParentRunner.java:309)
	at org.junit.runners.Suite.runChild(Suite.java:127)
	at org.junit.runners.Suite.runChild(Suite.java:26)
	at org.junit.runners.ParentRunner$3.run(ParentRunner.java:238)
	at org.junit.runners.ParentRunner$1.schedule(ParentRunner.java:63)
	at org.junit.runners.ParentRunner.runChildren(ParentRunner.java:236)
	at org.junit.runners.ParentRunner.access$000(ParentRunner.java:53)
	at org.junit.runners.ParentRunner$2.evaluate(ParentRunner.java:229)
	at org.junit.runners.ParentRunner.run(ParentRunner.java:309)
	at org.apache.maven.surefire.junit4.JUnit4TestSet.execute(JUnit4TestSet.java:59)
	at org.apache.maven.surefire.suite.AbstractDirectoryTestSuite.executeTestSet(AbstractDirectoryTestSuite.java:115)
	at org.apache.maven.surefire.suite.AbstractDirectoryTestSuite.execute(AbstractDirectoryTestSuite.java:102)
	at org.apache.maven.surefire.Surefire.run(Surefire.java:180)
	at sun.reflect.NativeMethodAccessorImpl.invoke0(Native Method)
	at sun.reflect.NativeMethodAccessorImpl.invoke(NativeMethodAccessorImpl.java:57)
	at sun.reflect.DelegatingMethodAccessorImpl.invoke(DelegatingMethodAccessorImpl.java:43)
	at java.lang.reflect.Method.invoke(Method.java:601)
	at org.apache.maven.surefire.booter.SurefireBooter.runSuitesInProcess(SurefireBooter.java:350)
	at org.apache.maven.surefire.booter.SurefireBooter.main(SurefireBooter.java:1021)
Caused by: java.net.ConnectException: Connection refused: connect
	at java.net.DualStackPlainSocketImpl.waitForConnect(Native Method)
	at java.net.DualStackPlainSocketImpl.socketConnect(DualStackPlainSocketImpl.java:75)
	at java.net.AbstractPlainSocketImpl.doConnect(AbstractPlainSocketImpl.java:339)
	at java.net.AbstractPlainSocketImpl.connectToAddress(AbstractPlainSocketImpl.java:200)
	at java.net.AbstractPlainSocketImpl.connect(AbstractPlainSocketImpl.java:182)
	at java.net.PlainSocketImpl.connect(PlainSocketImpl.java:157)
	at java.net.SocksSocketImpl.connect(SocksSocketImpl.java:391)
	at java.net.Socket.connect(Socket.java:579)
	at org.apache.http.conn.scheme.PlainSocketFactory.connectSocket(PlainSocketFactory.java:117)
	at org.apache.http.impl.conn.DefaultClientConnectionOperator.openConnection(DefaultClientConnectionOperator.java:178)
	at org.apache.http.impl.conn.AbstractPoolEntry.open(AbstractPoolEntry.java:144)
	at org.apache.http.impl.conn.AbstractPooledConnAdapter.open(AbstractPooledConnAdapter.java:131)
	at org.apache.http.impl.client.DefaultRequestDirector.tryConnect(DefaultRequestDirector.java:610)
	at org.apache.http.impl.client.DefaultRequestDirector.execute(DefaultRequestDirector.java:445)
	at org.apache.http.impl.client.AbstractHttpClient.doExecute(AbstractHttpClient.java:863)
	at org.apache.http.impl.client.CloseableHttpClient.execute(CloseableHttpClient.java:72)
	at org.apache.http.impl.client.CloseableHttpClient.execute(CloseableHttpClient.java:57)
	at org.openqa.selenium.remote.HttpCommandExecutor.fallBackExecute(HttpCommandExecutor.java:319)
	at org.openqa.selenium.remote.HttpCommandExecutor.execute(HttpCommandExecutor.java:298)
	at org.openqa.selenium.firefox.internal.NewProfileExtensionConnection.execute(NewProfileExtensionConnection.java:145)
	at org.openqa.selenium.firefox.FirefoxDriver$LazyCommandExecutor.execute(FirefoxDriver.java:366)
	at org.openqa.selenium.remote.RemoteWebDriver.execute(RemoteWebDriver.java:527)
	... 44 more
</error>
    <system-out>scr 
Simple Class name1: Test_SRD_WCG_TX_US3
current method: TC_SRD_US3_1_1
current method: TC_SRD_US3_1_1
</system-out>
    <system-err>Jan 02, 2014 6:49:21 PM org.openqa.selenium.remote.RemoteWebDriver log
INFO: Executing: get [4fdb146e-ecf5-49c6-882d-a4b8910fdf9e, get {url=http://qa2.myngconnect.com//login/chooseMainUI.spr}]
Jan 02, 2014 6:49:28 PM org.openqa.selenium.remote.RemoteWebDriver log
INFO: Executed: [4fdb146e-ecf5-49c6-882d-a4b8910fdf9e, get {url=http://qa2.myngconnect.com//login/chooseMainUI.spr}]
Jan 02, 2014 6:49:28 PM org.openqa.selenium.remote.RemoteWebDriver log
INFO: Executing: findElement [4fdb146e-ecf5-49c6-882d-a4b8910fdf9e, findElement {using=id, value=imgStudents}]
Jan 02, 2014 6:49:28 PM org.openqa.selenium.remote.RemoteWebDriver log
INFO: Executed: [4fdb146e-ecf5-49c6-882d-a4b8910fdf9e, findElement {using=id, value=imgStudents}]
Jan 02, 2014 6:49:28 PM org.openqa.selenium.remote.RemoteWebDriver log
INFO: Executing: clickElement [4fdb146e-ecf5-49c6-882d-a4b8910fdf9e, clickElement {id={dd1caf89-9492-492a-9cca-2da5814a28fc}}]
Jan 02, 2014 6:49:31 PM org.openqa.selenium.remote.RemoteWebDriver log
INFO: Executed: [4fdb146e-ecf5-49c6-882d-a4b8910fdf9e, clickElement {id={dd1caf89-9492-492a-9cca-2da5814a28fc}}]
Jan 02, 2014 6:49:31 PM org.openqa.selenium.remote.RemoteWebDriver log
INFO: Executing: findElement [4fdb146e-ecf5-49c6-882d-a4b8910fdf9e, findElement {using=id, value=j_username}]
Jan 02, 2014 6:49:31 PM org.openqa.selenium.remote.RemoteWebDriver log
INFO: Executed: [4fdb146e-ecf5-49c6-882d-a4b8910fdf9e, findElement {using=id, value=j_username}]
Jan 02, 2014 6:49:31 PM org.openqa.selenium.remote.RemoteWebDriver log
INFO: Executing: clearElement [4fdb146e-ecf5-49c6-882d-a4b8910fdf9e, clearElement {id={f9323afc-b9da-4fd3-90a8-3fff48e4af11}}]
Jan 02, 2014 6:49:31 PM org.openqa.selenium.remote.RemoteWebDriver log
INFO: Executed: [4fdb146e-ecf5-49c6-882d-a4b8910fdf9e, clearElement {id={f9323afc-b9da-4fd3-90a8-3fff48e4af11}}]
Jan 02, 2014 6:49:31 PM org.openqa.selenium.remote.RemoteWebDriver log
INFO: Executing: findElement [4fdb146e-ecf5-49c6-882d-a4b8910fdf9e, findElement {using=id, value=j_username}]
Jan 02, 2014 6:49:31 PM org.openqa.selenium.remote.RemoteWebDriver log
INFO: Executed: [4fdb146e-ecf5-49c6-882d-a4b8910fdf9e, findElement {using=id, value=j_username}]
Jan 02, 2014 6:49:31 PM org.openqa.selenium.remote.RemoteWebDriver log
INFO: Executing: sendKeysToElement [4fdb146e-ecf5-49c6-882d-a4b8910fdf9e, sendKeysToElement {id={f9323afc-b9da-4fd3-90a8-3fff48e4af11}, value=[Ljava.lang.CharSequence;@30aaf3}]
Jan 02, 2014 6:49:31 PM org.openqa.selenium.remote.RemoteWebDriver log
INFO: Executed: [4fdb146e-ecf5-49c6-882d-a4b8910fdf9e, sendKeysToElement {id={f9323afc-b9da-4fd3-90a8-3fff48e4af11}, value=[Ljava.lang.CharSequence;@30aaf3}]
Jan 02, 2014 6:49:31 PM org.openqa.selenium.remote.RemoteWebDriver log
INFO: Executing: findElement [4fdb146e-ecf5-49c6-882d-a4b8910fdf9e, findElement {using=id, value=passwordField}]
Jan 02, 2014 6:49:31 PM org.openqa.selenium.remote.RemoteWebDriver log
INFO: Executed: [4fdb146e-ecf5-49c6-882d-a4b8910fdf9e, findElement {using=id, value=passwordField}]
Jan 02, 2014 6:49:31 PM org.openqa.selenium.remote.RemoteWebDriver log
INFO: Executing: clearElement [4fdb146e-ecf5-49c6-882d-a4b8910fdf9e, clearElement {id={67b32ac1-2f88-47e3-a774-486ec7a691dc}}]
Jan 02, 2014 6:49:31 PM org.openqa.selenium.remote.RemoteWebDriver log
INFO: Executed: [4fdb146e-ecf5-49c6-882d-a4b8910fdf9e, clearElement {id={67b32ac1-2f88-47e3-a774-486ec7a691dc}}]
Jan 02, 2014 6:49:31 PM org.openqa.selenium.remote.RemoteWebDriver log
INFO: Executing: findElement [4fdb146e-ecf5-49c6-882d-a4b8910fdf9e, findElement {using=id, value=passwordField}]
Jan 02, 2014 6:49:31 PM org.openqa.selenium.remote.RemoteWebDriver log
INFO: Executed: [4fdb146e-ecf5-49c6-882d-a4b8910fdf9e, findElement {using=id, value=passwordField}]
Jan 02, 2014 6:49:31 PM org.openqa.selenium.remote.RemoteWebDriver log
INFO: Executing: sendKeysToElement [4fdb146e-ecf5-49c6-882d-a4b8910fdf9e, sendKeysToElement {id={67b32ac1-2f88-47e3-a774-486ec7a691dc}, value=[Ljava.lang.CharSequence;@ee1c42}]
Jan 02, 2014 6:49:31 PM org.openqa.selenium.remote.RemoteWebDriver log
INFO: Executed: [4fdb146e-ecf5-49c6-882d-a4b8910fdf9e, sendKeysToElement {id={67b32ac1-2f88-47e3-a774-486ec7a691dc}, value=[Ljava.lang.CharSequence;@ee1c42}]
Jan 02, 2014 6:49:31 PM org.openqa.selenium.remote.RemoteWebDriver log
INFO: Executing: findElement [4fdb146e-ecf5-49c6-882d-a4b8910fdf9e, findElement {using=id, value=imgLogin}]
Jan 02, 2014 6:49:31 PM org.openqa.selenium.remote.RemoteWebDriver log
INFO: Executed: [4fdb146e-ecf5-49c6-882d-a4b8910fdf9e, findElement {using=id, value=imgLogin}]
Jan 02, 2014 6:49:31 PM org.openqa.selenium.remote.RemoteWebDriver log
INFO: Executing: clickElement [4fdb146e-ecf5-49c6-882d-a4b8910fdf9e, clickElement {id={5bd55136-a0c3-4c98-b400-0c464a936f9b}}]
Jan 02, 2014 6:49:33 PM org.openqa.selenium.remote.RemoteWebDriver log
INFO: Executed: [4fdb146e-ecf5-49c6-882d-a4b8910fdf9e, clickElement {id={5bd55136-a0c3-4c98-b400-0c464a936f9b}}]
Jan 02, 2014 6:50:07 PM org.openqa.selenium.remote.RemoteWebDriver log
INFO: Executing: sendKeysToActiveElement [4fdb146e-ecf5-49c6-882d-a4b8910fdf9e, sendKeysToActiveElement {value=[Ljava.lang.CharSequence;@1aefd28}]
Jan 02, 2014 6:50:08 PM org.openqa.selenium.remote.RemoteWebDriver log
INFO: Exception: [4fdb146e-ecf5-49c6-882d-a4b8910fdf9e, sendKeysToActiveElement {value=[Ljava.lang.CharSequence;@1aefd28}]
Jan 02, 2014 6:50:08 PM org.openqa.selenium.remote.RemoteWebDriver log
INFO: Executing: quit [4fdb146e-ecf5-49c6-882d-a4b8910fdf9e, quit {}]
Jan 02, 2014 6:50:09 PM org.openqa.selenium.remote.RemoteWebDriver log
INFO: Exception: [4fdb146e-ecf5-49c6-882d-a4b8910fdf9e, quit {}]
</system-err>
  </testcase>
  <testcase time="68.252" classname="WCG.ResourceDirectory.Test_SRD_WCG_TX_US3" name="TC_SRD_US3_1_1[0]">
    <error message="Error communicating with the remote browser. It may have died.
Build info: version: &apos;2.37.0&apos;, revision: &apos;a7c61cbd68657e133ae96672cf995890bad2ee42&apos;, time: &apos;2013-10-18 09:51:02&apos;
System info: host: &apos;AbhishekK&apos;, ip: &apos;192.168.1.200&apos;, os.name: &apos;Windows 7&apos;, os.arch: &apos;x86&apos;, os.version: &apos;6.1&apos;, java.version: &apos;1.7.0_05&apos;
Driver info: driver.version: RemoteWebDriver" type="org.openqa.selenium.remote.UnreachableBrowserException">org.openqa.selenium.remote.UnreachableBrowserException: Error communicating with the remote browser. It may have died.
Build info: version: &apos;2.37.0&apos;, revision: &apos;a7c61cbd68657e133ae96672cf995890bad2ee42&apos;, time: &apos;2013-10-18 09:51:02&apos;
System info: host: &apos;AbhishekK&apos;, ip: &apos;192.168.1.200&apos;, os.name: &apos;Windows 7&apos;, os.arch: &apos;x86&apos;, os.version: &apos;6.1&apos;, java.version: &apos;1.7.0_05&apos;
Driver info: driver.version: RemoteWebDriver
	at org.openqa.selenium.remote.RemoteWebDriver.execute(RemoteWebDriver.java:548)
	at org.openqa.selenium.remote.RemoteWebDriver.execute(RemoteWebDriver.java:569)
	at org.openqa.selenium.remote.RemoteWebDriver.quit(RemoteWebDriver.java:423)
	at com.compro.automation.core.TestRun.stop(TestRun.java:37)
	at WCG.ResourceDirectory.Test_SRD_WCG_TX_US3.tearDown(Test_SRD_WCG_TX_US3.java:275)
	at sun.reflect.NativeMethodAccessorImpl.invoke0(Native Method)
	at sun.reflect.NativeMethodAccessorImpl.invoke(NativeMethodAccessorImpl.java:57)
	at sun.reflect.DelegatingMethodAccessorImpl.invoke(DelegatingMethodAccessorImpl.java:43)
	at java.lang.reflect.Method.invoke(Method.java:601)
	at org.junit.runners.model.FrameworkMethod$1.runReflectiveCall(FrameworkMethod.java:47)
	at org.junit.internal.runners.model.ReflectiveCallable.run(ReflectiveCallable.java:12)
	at org.junit.runners.model.FrameworkMethod.invokeExplosively(FrameworkMethod.java:44)
	at org.junit.internal.runners.statements.RunAfters.evaluate(RunAfters.java:33)
	at org.junit.runners.ParentRunner.runLeaf(ParentRunner.java:271)
	at org.junit.runners.BlockJUnit4ClassRunner.runChild(BlockJUnit4ClassRunner.java:70)
	at org.junit.runners.BlockJUnit4ClassRunner.runChild(BlockJUnit4ClassRunner.java:50)
	at org.junit.runners.ParentRunner$3.run(ParentRunner.java:238)
	at org.junit.runners.ParentRunner$1.schedule(ParentRunner.java:63)
	at org.junit.runners.ParentRunner.runChildren(ParentRunner.java:236)
	at org.junit.runners.ParentRunner.access$000(ParentRunner.java:53)
	at org.junit.runners.ParentRunner$2.evaluate(ParentRunner.java:229)
	at org.junit.runners.ParentRunner.run(ParentRunner.java:309)
	at org.junit.runners.Suite.runChild(Suite.java:127)
	at org.junit.runners.Suite.runChild(Suite.java:26)
	at org.junit.runners.ParentRunner$3.run(ParentRunner.java:238)
	at org.junit.runners.ParentRunner$1.schedule(ParentRunner.java:63)
	at org.junit.runners.ParentRunner.runChildren(ParentRunner.java:236)
	at org.junit.runners.ParentRunner.access$000(ParentRunner.java:53)
	at org.junit.runners.ParentRunner$2.evaluate(ParentRunner.java:229)
	at org.junit.runners.ParentRunner.run(ParentRunner.java:309)
	at org.apache.maven.surefire.junit4.JUnit4TestSet.execute(JUnit4TestSet.java:59)
	at org.apache.maven.surefire.suite.AbstractDirectoryTestSuite.executeTestSet(AbstractDirectoryTestSuite.java:115)
	at org.apache.maven.surefire.suite.AbstractDirectoryTestSuite.execute(AbstractDirectoryTestSuite.java:102)
	at org.apache.maven.surefire.Surefire.run(Surefire.java:180)
	at sun.reflect.NativeMethodAccessorImpl.invoke0(Native Method)
	at sun.reflect.NativeMethodAccessorImpl.invoke(NativeMethodAccessorImpl.java:57)
	at sun.reflect.DelegatingMethodAccessorImpl.invoke(DelegatingMethodAccessorImpl.java:43)
	at java.lang.reflect.Method.invoke(Method.java:601)
	at org.apache.maven.surefire.booter.SurefireBooter.runSuitesInProcess(SurefireBooter.java:350)
	at org.apache.maven.surefire.booter.SurefireBooter.main(SurefireBooter.java:1021)
Caused by: java.net.ConnectException: Connection refused: connect
	at java.net.DualStackPlainSocketImpl.waitForConnect(Native Method)
	at java.net.DualStackPlainSocketImpl.socketConnect(DualStackPlainSocketImpl.java:75)
	at java.net.AbstractPlainSocketImpl.doConnect(AbstractPlainSocketImpl.java:339)
	at java.net.AbstractPlainSocketImpl.connectToAddress(AbstractPlainSocketImpl.java:200)
	at java.net.AbstractPlainSocketImpl.connect(AbstractPlainSocketImpl.java:182)
	at java.net.PlainSocketImpl.connect(PlainSocketImpl.java:157)
	at java.net.SocksSocketImpl.connect(SocksSocketImpl.java:391)
	at java.net.Socket.connect(Socket.java:579)
	at org.apache.http.conn.scheme.PlainSocketFactory.connectSocket(PlainSocketFactory.java:117)
	at org.apache.http.impl.conn.DefaultClientConnectionOperator.openConnection(DefaultClientConnectionOperator.java:178)
	at org.apache.http.impl.conn.AbstractPoolEntry.open(AbstractPoolEntry.java:144)
	at org.apache.http.impl.conn.AbstractPooledConnAdapter.open(AbstractPooledConnAdapter.java:131)
	at org.apache.http.impl.client.DefaultRequestDirector.tryConnect(DefaultRequestDirector.java:610)
	at org.apache.http.impl.client.DefaultRequestDirector.execute(DefaultRequestDirector.java:445)
	at org.apache.http.impl.client.AbstractHttpClient.doExecute(AbstractHttpClient.java:863)
	at org.apache.http.impl.client.CloseableHttpClient.execute(CloseableHttpClient.java:72)
	at org.apache.http.impl.client.CloseableHttpClient.execute(CloseableHttpClient.java:57)
	at org.openqa.selenium.remote.HttpCommandExecutor.fallBackExecute(HttpCommandExecutor.java:319)
	at org.openqa.selenium.remote.HttpCommandExecutor.execute(HttpCommandExecutor.java:298)
	at org.openqa.selenium.firefox.internal.NewProfileExtensionConnection.execute(NewProfileExtensionConnection.java:145)
	at org.openqa.selenium.firefox.FirefoxDriver$LazyCommandExecutor.execute(FirefoxDriver.java:366)
	at org.openqa.selenium.remote.RemoteWebDriver.execute(RemoteWebDriver.java:527)
	... 39 more
</error>
    <system-out>scr 
Simple Class name1: Test_SRD_WCG_TX_US3
current method: TC_SRD_US3_1_1
current method: TC_SRD_US3_1_1
</system-out>
    <system-err>Jan 02, 2014 6:49:21 PM org.openqa.selenium.remote.RemoteWebDriver log
INFO: Executing: get [4fdb146e-ecf5-49c6-882d-a4b8910fdf9e, get {url=http://qa2.myngconnect.com//login/chooseMainUI.spr}]
Jan 02, 2014 6:49:28 PM org.openqa.selenium.remote.RemoteWebDriver log
INFO: Executed: [4fdb146e-ecf5-49c6-882d-a4b8910fdf9e, get {url=http://qa2.myngconnect.com//login/chooseMainUI.spr}]
Jan 02, 2014 6:49:28 PM org.openqa.selenium.remote.RemoteWebDriver log
INFO: Executing: findElement [4fdb146e-ecf5-49c6-882d-a4b8910fdf9e, findElement {using=id, value=imgStudents}]
Jan 02, 2014 6:49:28 PM org.openqa.selenium.remote.RemoteWebDriver log
INFO: Executed: [4fdb146e-ecf5-49c6-882d-a4b8910fdf9e, findElement {using=id, value=imgStudents}]
Jan 02, 2014 6:49:28 PM org.openqa.selenium.remote.RemoteWebDriver log
INFO: Executing: clickElement [4fdb146e-ecf5-49c6-882d-a4b8910fdf9e, clickElement {id={dd1caf89-9492-492a-9cca-2da5814a28fc}}]
Jan 02, 2014 6:49:31 PM org.openqa.selenium.remote.RemoteWebDriver log
INFO: Executed: [4fdb146e-ecf5-49c6-882d-a4b8910fdf9e, clickElement {id={dd1caf89-9492-492a-9cca-2da5814a28fc}}]
Jan 02, 2014 6:49:31 PM org.openqa.selenium.remote.RemoteWebDriver log
INFO: Executing: findElement [4fdb146e-ecf5-49c6-882d-a4b8910fdf9e, findElement {using=id, value=j_username}]
Jan 02, 2014 6:49:31 PM org.openqa.selenium.remote.RemoteWebDriver log
INFO: Executed: [4fdb146e-ecf5-49c6-882d-a4b8910fdf9e, findElement {using=id, value=j_username}]
Jan 02, 2014 6:49:31 PM org.openqa.selenium.remote.RemoteWebDriver log
INFO: Executing: clearElement [4fdb146e-ecf5-49c6-882d-a4b8910fdf9e, clearElement {id={f9323afc-b9da-4fd3-90a8-3fff48e4af11}}]
Jan 02, 2014 6:49:31 PM org.openqa.selenium.remote.RemoteWebDriver log
INFO: Executed: [4fdb146e-ecf5-49c6-882d-a4b8910fdf9e, clearElement {id={f9323afc-b9da-4fd3-90a8-3fff48e4af11}}]
Jan 02, 2014 6:49:31 PM org.openqa.selenium.remote.RemoteWebDriver log
INFO: Executing: findElement [4fdb146e-ecf5-49c6-882d-a4b8910fdf9e, findElement {using=id, value=j_username}]
Jan 02, 2014 6:49:31 PM org.openqa.selenium.remote.RemoteWebDriver log
INFO: Executed: [4fdb146e-ecf5-49c6-882d-a4b8910fdf9e, findElement {using=id, value=j_username}]
Jan 02, 2014 6:49:31 PM org.openqa.selenium.remote.RemoteWebDriver log
INFO: Executing: sendKeysToElement [4fdb146e-ecf5-49c6-882d-a4b8910fdf9e, sendKeysToElement {id={f9323afc-b9da-4fd3-90a8-3fff48e4af11}, value=[Ljava.lang.CharSequence;@30aaf3}]
Jan 02, 2014 6:49:31 PM org.openqa.selenium.remote.RemoteWebDriver log
INFO: Executed: [4fdb146e-ecf5-49c6-882d-a4b8910fdf9e, sendKeysToElement {id={f9323afc-b9da-4fd3-90a8-3fff48e4af11}, value=[Ljava.lang.CharSequence;@30aaf3}]
Jan 02, 2014 6:49:31 PM org.openqa.selenium.remote.RemoteWebDriver log
INFO: Executing: findElement [4fdb146e-ecf5-49c6-882d-a4b8910fdf9e, findElement {using=id, value=passwordField}]
Jan 02, 2014 6:49:31 PM org.openqa.selenium.remote.RemoteWebDriver log
INFO: Executed: [4fdb146e-ecf5-49c6-882d-a4b8910fdf9e, findElement {using=id, value=passwordField}]
Jan 02, 2014 6:49:31 PM org.openqa.selenium.remote.RemoteWebDriver log
INFO: Executing: clearElement [4fdb146e-ecf5-49c6-882d-a4b8910fdf9e, clearElement {id={67b32ac1-2f88-47e3-a774-486ec7a691dc}}]
Jan 02, 2014 6:49:31 PM org.openqa.selenium.remote.RemoteWebDriver log
INFO: Executed: [4fdb146e-ecf5-49c6-882d-a4b8910fdf9e, clearElement {id={67b32ac1-2f88-47e3-a774-486ec7a691dc}}]
Jan 02, 2014 6:49:31 PM org.openqa.selenium.remote.RemoteWebDriver log
INFO: Executing: findElement [4fdb146e-ecf5-49c6-882d-a4b8910fdf9e, findElement {using=id, value=passwordField}]
Jan 02, 2014 6:49:31 PM org.openqa.selenium.remote.RemoteWebDriver log
INFO: Executed: [4fdb146e-ecf5-49c6-882d-a4b8910fdf9e, findElement {using=id, value=passwordField}]
Jan 02, 2014 6:49:31 PM org.openqa.selenium.remote.RemoteWebDriver log
INFO: Executing: sendKeysToElement [4fdb146e-ecf5-49c6-882d-a4b8910fdf9e, sendKeysToElement {id={67b32ac1-2f88-47e3-a774-486ec7a691dc}, value=[Ljava.lang.CharSequence;@ee1c42}]
Jan 02, 2014 6:49:31 PM org.openqa.selenium.remote.RemoteWebDriver log
INFO: Executed: [4fdb146e-ecf5-49c6-882d-a4b8910fdf9e, sendKeysToElement {id={67b32ac1-2f88-47e3-a774-486ec7a691dc}, value=[Ljava.lang.CharSequence;@ee1c42}]
Jan 02, 2014 6:49:31 PM org.openqa.selenium.remote.RemoteWebDriver log
INFO: Executing: findElement [4fdb146e-ecf5-49c6-882d-a4b8910fdf9e, findElement {using=id, value=imgLogin}]
Jan 02, 2014 6:49:31 PM org.openqa.selenium.remote.RemoteWebDriver log
INFO: Executed: [4fdb146e-ecf5-49c6-882d-a4b8910fdf9e, findElement {using=id, value=imgLogin}]
Jan 02, 2014 6:49:31 PM org.openqa.selenium.remote.RemoteWebDriver log
INFO: Executing: clickElement [4fdb146e-ecf5-49c6-882d-a4b8910fdf9e, clickElement {id={5bd55136-a0c3-4c98-b400-0c464a936f9b}}]
Jan 02, 2014 6:49:33 PM org.openqa.selenium.remote.RemoteWebDriver log
INFO: Executed: [4fdb146e-ecf5-49c6-882d-a4b8910fdf9e, clickElement {id={5bd55136-a0c3-4c98-b400-0c464a936f9b}}]
Jan 02, 2014 6:50:07 PM org.openqa.selenium.remote.RemoteWebDriver log
INFO: Executing: sendKeysToActiveElement [4fdb146e-ecf5-49c6-882d-a4b8910fdf9e, sendKeysToActiveElement {value=[Ljava.lang.CharSequence;@1aefd28}]
Jan 02, 2014 6:50:08 PM org.openqa.selenium.remote.RemoteWebDriver log
INFO: Exception: [4fdb146e-ecf5-49c6-882d-a4b8910fdf9e, sendKeysToActiveElement {value=[Ljava.lang.CharSequence;@1aefd28}]
Jan 02, 2014 6:50:08 PM org.openqa.selenium.remote.RemoteWebDriver log
INFO: Executing: quit [4fdb146e-ecf5-49c6-882d-a4b8910fdf9e, quit {}]
Jan 02, 2014 6:50:09 PM org.openqa.selenium.remote.RemoteWebDriver log
INFO: Exception: [4fdb146e-ecf5-49c6-882d-a4b8910fdf9e, quit {}]
</system-err>
  </testcase>
  <testcase time="3.673" classname="WCG.ResourceDirectory.Test_SRD_WCG_TX_US3" name="TC_SRD_US3_1_2[0]"/>
  <testcase time="45.605" classname="WCG.ResourceDirectory.Test_SRD_WCG_TX_US3" name="TC_SRD_US3_3_1[0]">
    <error message="Error communicating with the remote browser. It may have died.
Build info: version: &apos;2.37.0&apos;, revision: &apos;a7c61cbd68657e133ae96672cf995890bad2ee42&apos;, time: &apos;2013-10-18 09:51:02&apos;
System info: host: &apos;AbhishekK&apos;, ip: &apos;192.168.1.200&apos;, os.name: &apos;Windows 7&apos;, os.arch: &apos;x86&apos;, os.version: &apos;6.1&apos;, java.version: &apos;1.7.0_05&apos;
Driver info: driver.version: RemoteWebDriver" type="org.openqa.selenium.remote.UnreachableBrowserException">org.openqa.selenium.remote.UnreachableBrowserException: Error communicating with the remote browser. It may have died.
Build info: version: &apos;2.37.0&apos;, revision: &apos;a7c61cbd68657e133ae96672cf995890bad2ee42&apos;, time: &apos;2013-10-18 09:51:02&apos;
System info: host: &apos;AbhishekK&apos;, ip: &apos;192.168.1.200&apos;, os.name: &apos;Windows 7&apos;, os.arch: &apos;x86&apos;, os.version: &apos;6.1&apos;, java.version: &apos;1.7.0_05&apos;
Driver info: driver.version: RemoteWebDriver
	at org.openqa.selenium.remote.RemoteWebDriver.execute(RemoteWebDriver.java:548)
	at org.openqa.selenium.remote.RemoteWebDriver.get(RemoteWebDriver.java:276)
	at WCG.launchcomponent.Home.wcg_login(Home.java:32)
	at WCG.ResourceDirectory.Test_SRD_WCG_TX_US3.TC_SRD_US3_3_1(Test_SRD_WCG_TX_US3.java:841)
	at sun.reflect.NativeMethodAccessorImpl.invoke0(Native Method)
	at sun.reflect.NativeMethodAccessorImpl.invoke(NativeMethodAccessorImpl.java:57)
	at sun.reflect.DelegatingMethodAccessorImpl.invoke(DelegatingMethodAccessorImpl.java:43)
	at java.lang.reflect.Method.invoke(Method.java:601)
	at org.junit.runners.model.FrameworkMethod$1.runReflectiveCall(FrameworkMethod.java:47)
	at org.junit.internal.runners.model.ReflectiveCallable.run(ReflectiveCallable.java:12)
	at org.junit.runners.model.FrameworkMethod.invokeExplosively(FrameworkMethod.java:44)
	at org.junit.internal.runners.statements.InvokeMethod.evaluate(InvokeMethod.java:17)
	at org.junit.internal.runners.statements.RunBefores.evaluate(RunBefores.java:26)
	at org.junit.internal.runners.statements.RunAfters.evaluate(RunAfters.java:27)
	at org.junit.runners.ParentRunner.runLeaf(ParentRunner.java:271)
	at org.junit.runners.BlockJUnit4ClassRunner.runChild(BlockJUnit4ClassRunner.java:70)
	at org.junit.runners.BlockJUnit4ClassRunner.runChild(BlockJUnit4ClassRunner.java:50)
	at org.junit.runners.ParentRunner$3.run(ParentRunner.java:238)
	at org.junit.runners.ParentRunner$1.schedule(ParentRunner.java:63)
	at org.junit.runners.ParentRunner.runChildren(ParentRunner.java:236)
	at org.junit.runners.ParentRunner.access$000(ParentRunner.java:53)
	at org.junit.runners.ParentRunner$2.evaluate(ParentRunner.java:229)
	at org.junit.runners.ParentRunner.run(ParentRunner.java:309)
	at org.junit.runners.Suite.runChild(Suite.java:127)
	at org.junit.runners.Suite.runChild(Suite.java:26)
	at org.junit.runners.ParentRunner$3.run(ParentRunner.java:238)
	at org.junit.runners.ParentRunner$1.schedule(ParentRunner.java:63)
	at org.junit.runners.ParentRunner.runChildren(ParentRunner.java:236)
	at org.junit.runners.ParentRunner.access$000(ParentRunner.java:53)
	at org.junit.runners.ParentRunner$2.evaluate(ParentRunner.java:229)
	at org.junit.runners.ParentRunner.run(ParentRunner.java:309)
	at org.apache.maven.surefire.junit4.JUnit4TestSet.execute(JUnit4TestSet.java:59)
	at org.apache.maven.surefire.suite.AbstractDirectoryTestSuite.executeTestSet(AbstractDirectoryTestSuite.java:115)
	at org.apache.maven.surefire.suite.AbstractDirectoryTestSuite.execute(AbstractDirectoryTestSuite.java:102)
	at org.apache.maven.surefire.Surefire.run(Surefire.java:180)
	at sun.reflect.NativeMethodAccessorImpl.invoke0(Native Method)
	at sun.reflect.NativeMethodAccessorImpl.invoke(NativeMethodAccessorImpl.java:57)
	at sun.reflect.DelegatingMethodAccessorImpl.invoke(DelegatingMethodAccessorImpl.java:43)
	at java.lang.reflect.Method.invoke(Method.java:601)
	at org.apache.maven.surefire.booter.SurefireBooter.runSuitesInProcess(SurefireBooter.java:350)
	at org.apache.maven.surefire.booter.SurefireBooter.main(SurefireBooter.java:1021)
Caused by: java.net.ConnectException: Connection refused: connect
	at java.net.DualStackPlainSocketImpl.waitForConnect(Native Method)
	at java.net.DualStackPlainSocketImpl.socketConnect(DualStackPlainSocketImpl.java:75)
	at java.net.AbstractPlainSocketImpl.doConnect(AbstractPlainSocketImpl.java:339)
	at java.net.AbstractPlainSocketImpl.connectToAddress(AbstractPlainSocketImpl.java:200)
	at java.net.AbstractPlainSocketImpl.connect(AbstractPlainSocketImpl.java:182)
	at java.net.PlainSocketImpl.connect(PlainSocketImpl.java:157)
	at java.net.SocksSocketImpl.connect(SocksSocketImpl.java:391)
	at java.net.Socket.connect(Socket.java:579)
	at org.apache.http.conn.scheme.PlainSocketFactory.connectSocket(PlainSocketFactory.java:117)
	at org.apache.http.impl.conn.DefaultClientConnectionOperator.openConnection(DefaultClientConnectionOperator.java:178)
	at org.apache.http.impl.conn.AbstractPoolEntry.open(AbstractPoolEntry.java:144)
	at org.apache.http.impl.conn.AbstractPooledConnAdapter.open(AbstractPooledConnAdapter.java:131)
	at org.apache.http.impl.client.DefaultRequestDirector.tryConnect(DefaultRequestDirector.java:610)
	at org.apache.http.impl.client.DefaultRequestDirector.execute(DefaultRequestDirector.java:445)
	at org.apache.http.impl.client.AbstractHttpClient.doExecute(AbstractHttpClient.java:863)
	at org.apache.http.impl.client.CloseableHttpClient.execute(CloseableHttpClient.java:72)
	at org.apache.http.impl.client.CloseableHttpClient.execute(CloseableHttpClient.java:57)
	at org.openqa.selenium.remote.HttpCommandExecutor.fallBackExecute(HttpCommandExecutor.java:319)
	at org.openqa.selenium.remote.HttpCommandExecutor.execute(HttpCommandExecutor.java:298)
	at org.openqa.selenium.firefox.internal.NewProfileExtensionConnection.execute(NewProfileExtensionConnection.java:145)
	at org.openqa.selenium.firefox.FirefoxDriver$LazyCommandExecutor.execute(FirefoxDriver.java:366)
	at org.openqa.selenium.remote.RemoteWebDriver.execute(RemoteWebDriver.java:527)
	... 40 more
</error>
    <system-out>scr 
Simple Class name1: Test_SRD_WCG_TX_US3
current method: TC_SRD_US3_3_1
current method: TC_SRD_US3_3_1
</system-out>
  </testcase>
  <testcase time="45.608" classname="WCG.ResourceDirectory.Test_SRD_WCG_TX_US3" name="TC_SRD_US3_3_1[0]">
    <error message="Error communicating with the remote browser. It may have died.
Build info: version: &apos;2.37.0&apos;, revision: &apos;a7c61cbd68657e133ae96672cf995890bad2ee42&apos;, time: &apos;2013-10-18 09:51:02&apos;
System info: host: &apos;AbhishekK&apos;, ip: &apos;192.168.1.200&apos;, os.name: &apos;Windows 7&apos;, os.arch: &apos;x86&apos;, os.version: &apos;6.1&apos;, java.version: &apos;1.7.0_05&apos;
Driver info: driver.version: RemoteWebDriver" type="org.openqa.selenium.remote.UnreachableBrowserException">org.openqa.selenium.remote.UnreachableBrowserException: Error communicating with the remote browser. It may have died.
Build info: version: &apos;2.37.0&apos;, revision: &apos;a7c61cbd68657e133ae96672cf995890bad2ee42&apos;, time: &apos;2013-10-18 09:51:02&apos;
System info: host: &apos;AbhishekK&apos;, ip: &apos;192.168.1.200&apos;, os.name: &apos;Windows 7&apos;, os.arch: &apos;x86&apos;, os.version: &apos;6.1&apos;, java.version: &apos;1.7.0_05&apos;
Driver info: driver.version: RemoteWebDriver
	at org.openqa.selenium.remote.RemoteWebDriver.execute(RemoteWebDriver.java:548)
	at org.openqa.selenium.remote.RemoteWebDriver.execute(RemoteWebDriver.java:569)
	at org.openqa.selenium.remote.RemoteWebDriver.quit(RemoteWebDriver.java:423)
	at com.compro.automation.core.TestRun.stop(TestRun.java:37)
	at WCG.ResourceDirectory.Test_SRD_WCG_TX_US3.tearDown(Test_SRD_WCG_TX_US3.java:275)
	at sun.reflect.NativeMethodAccessorImpl.invoke0(Native Method)
	at sun.reflect.NativeMethodAccessorImpl.invoke(NativeMethodAccessorImpl.java:57)
	at sun.reflect.DelegatingMethodAccessorImpl.invoke(DelegatingMethodAccessorImpl.java:43)
	at java.lang.reflect.Method.invoke(Method.java:601)
	at org.junit.runners.model.FrameworkMethod$1.runReflectiveCall(FrameworkMethod.java:47)
	at org.junit.internal.runners.model.ReflectiveCallable.run(ReflectiveCallable.java:12)
	at org.junit.runners.model.FrameworkMethod.invokeExplosively(FrameworkMethod.java:44)
	at org.junit.internal.runners.statements.RunAfters.evaluate(RunAfters.java:33)
	at org.junit.runners.ParentRunner.runLeaf(ParentRunner.java:271)
	at org.junit.runners.BlockJUnit4ClassRunner.runChild(BlockJUnit4ClassRunner.java:70)
	at org.junit.runners.BlockJUnit4ClassRunner.runChild(BlockJUnit4ClassRunner.java:50)
	at org.junit.runners.ParentRunner$3.run(ParentRunner.java:238)
	at org.junit.runners.ParentRunner$1.schedule(ParentRunner.java:63)
	at org.junit.runners.ParentRunner.runChildren(ParentRunner.java:236)
	at org.junit.runners.ParentRunner.access$000(ParentRunner.java:53)
	at org.junit.runners.ParentRunner$2.evaluate(ParentRunner.java:229)
	at org.junit.runners.ParentRunner.run(ParentRunner.java:309)
	at org.junit.runners.Suite.runChild(Suite.java:127)
	at org.junit.runners.Suite.runChild(Suite.java:26)
	at org.junit.runners.ParentRunner$3.run(ParentRunner.java:238)
	at org.junit.runners.ParentRunner$1.schedule(ParentRunner.java:63)
	at org.junit.runners.ParentRunner.runChildren(ParentRunner.java:236)
	at org.junit.runners.ParentRunner.access$000(ParentRunner.java:53)
	at org.junit.runners.ParentRunner$2.evaluate(ParentRunner.java:229)
	at org.junit.runners.ParentRunner.run(ParentRunner.java:309)
	at org.apache.maven.surefire.junit4.JUnit4TestSet.execute(JUnit4TestSet.java:59)
	at org.apache.maven.surefire.suite.AbstractDirectoryTestSuite.executeTestSet(AbstractDirectoryTestSuite.java:115)
	at org.apache.maven.surefire.suite.AbstractDirectoryTestSuite.execute(AbstractDirectoryTestSuite.java:102)
	at org.apache.maven.surefire.Surefire.run(Surefire.java:180)
	at sun.reflect.NativeMethodAccessorImpl.invoke0(Native Method)
	at sun.reflect.NativeMethodAccessorImpl.invoke(NativeMethodAccessorImpl.java:57)
	at sun.reflect.DelegatingMethodAccessorImpl.invoke(DelegatingMethodAccessorImpl.java:43)
	at java.lang.reflect.Method.invoke(Method.java:601)
	at org.apache.maven.surefire.booter.SurefireBooter.runSuitesInProcess(SurefireBooter.java:350)
	at org.apache.maven.surefire.booter.SurefireBooter.main(SurefireBooter.java:1021)
Caused by: java.net.ConnectException: Connection refused: connect
	at java.net.DualStackPlainSocketImpl.waitForConnect(Native Method)
	at java.net.DualStackPlainSocketImpl.socketConnect(DualStackPlainSocketImpl.java:75)
	at java.net.AbstractPlainSocketImpl.doConnect(AbstractPlainSocketImpl.java:339)
	at java.net.AbstractPlainSocketImpl.connectToAddress(AbstractPlainSocketImpl.java:200)
	at java.net.AbstractPlainSocketImpl.connect(AbstractPlainSocketImpl.java:182)
	at java.net.PlainSocketImpl.connect(PlainSocketImpl.java:157)
	at java.net.SocksSocketImpl.connect(SocksSocketImpl.java:391)
	at java.net.Socket.connect(Socket.java:579)
	at org.apache.http.conn.scheme.PlainSocketFactory.connectSocket(PlainSocketFactory.java:117)
	at org.apache.http.impl.conn.DefaultClientConnectionOperator.openConnection(DefaultClientConnectionOperator.java:178)
	at org.apache.http.impl.conn.AbstractPoolEntry.open(AbstractPoolEntry.java:144)
	at org.apache.http.impl.conn.AbstractPooledConnAdapter.open(AbstractPooledConnAdapter.java:131)
	at org.apache.http.impl.client.DefaultRequestDirector.tryConnect(DefaultRequestDirector.java:610)
	at org.apache.http.impl.client.DefaultRequestDirector.execute(DefaultRequestDirector.java:445)
	at org.apache.http.impl.client.AbstractHttpClient.doExecute(AbstractHttpClient.java:863)
	at org.apache.http.impl.client.CloseableHttpClient.execute(CloseableHttpClient.java:72)
	at org.apache.http.impl.client.CloseableHttpClient.execute(CloseableHttpClient.java:57)
	at org.openqa.selenium.remote.HttpCommandExecutor.fallBackExecute(HttpCommandExecutor.java:319)
	at org.openqa.selenium.remote.HttpCommandExecutor.execute(HttpCommandExecutor.java:298)
	at org.openqa.selenium.firefox.internal.NewProfileExtensionConnection.execute(NewProfileExtensionConnection.java:145)
	at org.openqa.selenium.firefox.FirefoxDriver$LazyCommandExecutor.execute(FirefoxDriver.java:366)
	at org.openqa.selenium.remote.RemoteWebDriver.execute(RemoteWebDriver.java:527)
	... 39 more
</error>
    <system-out>scr 
Simple Class name1: Test_SRD_WCG_TX_US3
current method: TC_SRD_US3_3_1
current method: TC_SRD_US3_3_1
</system-out>
  </testcase>
  <testcase time="3.017" classname="WCG.ResourceDirectory.Test_SRD_WCG_TX_US3" name="TC_SRD_US3_3_2[0]"/>
  <testcase time="3.113" classname="WCG.ResourceDirectory.Test_SRD_WCG_TX_US3" name="TC_SRD_US3_4_1[0]"/>
</testsuite>